Environment variables:
  - COLORTERM=xfce4-terminal
  - DBUS_SESSION_BUS_ADDRESS=unix:abstract=/tmp/dbus-jpOPimOA54
  - DEFAULTS_PATH=/usr/share/gconf/xubuntu.default.path
  - DERBY_HOME=/usr/lib/jvm/java-7-oracle/db
  - DESKTOP_SESSION=xubuntu
  - DISPLAY=:0.0
  - GDMSESSION=xubuntu
  - GDM_LANG=en_US
  - GLADE_CATALOG_PATH=:
  - GLADE_MODULE_PATH=:
  - GLADE_PIXMAP_PATH=:
  - GNOME_KEYRING_CONTROL=/run/user/1001/keyring-lkjUhD
  - GNOME_KEYRING_PID=1980
  - GPG_AGENT_INFO=/run/user/1001/keyring-lkjUhD/gpg:0:1
  - HOME=/home/himanshu-koshti
  - IM_CONFIG_PHASE=1
  - INSTANCE=
  - J2REDIR=/usr/lib/jvm/java-7-oracle/jre
  - J2SDKDIR=/usr/lib/jvm/java-7-oracle
  - JAVA_HOME=/usr/lib/jvm/java-8-oracle/jre/bin/java
  - JOB=dbus
  - LANG=en_IN
  - LANGUAGE=en_IN:en
  - LESSCLOSE=/usr/bin/lesspipe %s %s
  - LESSOPEN=| /usr/bin/lesspipe %s
  - LOGNAME=himanshu-koshti
  - LS_COLORS=rs=0:di=01;34:ln=01;36:mh=00:pi=40;33:so=01;35:do=01;35:bd=40;33;01:cd=40;33;01:or=40;31;01:su=37;41:sg=30;43:ca=30;41:tw=30;42:ow=34;42:st=37;44:ex=01;32:*.tar=01;31:*.tgz=01;31:*.arj=01;31:*.taz=01;31:*.lzh=01;31:*.lzma=01;31:*.tlz=01;31:*.txz=01;31:*.zip=01;31:*.z=01;31:*.Z=01;31:*.dz=01;31:*.gz=01;31:*.lz=01;31:*.xz=01;31:*.bz2=01;31:*.bz=01;31:*.tbz=01;31:*.tbz2=01;31:*.tz=01;31:*.deb=01;31:*.rpm=01;31:*.jar=01;31:*.war=01;31:*.ear=01;31:*.sar=01;31:*.rar=01;31:*.ace=01;31:*.zoo=01;31:*.cpio=01;31:*.7z=01;31:*.rz=01;31:*.jpg=01;35:*.jpeg=01;35:*.gif=01;35:*.bmp=01;35:*.pbm=01;35:*.pgm=01;35:*.ppm=01;35:*.tga=01;35:*.xbm=01;35:*.xpm=01;35:*.tif=01;35:*.tiff=01;35:*.png=01;35:*.svg=01;35:*.svgz=01;35:*.mng=01;35:*.pcx=01;35:*.mov=01;35:*.mpg=01;35:*.mpeg=01;35:*.m2v=01;35:*.mkv=01;35:*.webm=01;35:*.ogm=01;35:*.mp4=01;35:*.m4v=01;35:*.mp4v=01;35:*.vob=01;35:*.qt=01;35:*.nuv=01;35:*.wmv=01;35:*.asf=01;35:*.rm=01;35:*.rmvb=01;35:*.flc=01;35:*.avi=01;35:*.fli=01;35:*.flv=01;35:*.gl=01;35:*.dl=01;35:*.xcf=01;35:*.xwd=01;35:*.yuv=01;35:*.cgm=01;35:*.emf=01;35:*.axv=01;35:*.anx=01;35:*.ogv=01;35:*.ogx=01;35:*.aac=00;36:*.au=00;36:*.flac=00;36:*.mid=00;36:*.midi=00;36:*.mka=00;36:*.mp3=00;36:*.mpc=00;36:*.ogg=00;36:*.ra=00;36:*.wav=00;36:*.axa=00;36:*.oga=00;36:*.spx=00;36:*.xspf=00;36:
  - MANDATORY_PATH=/usr/share/gconf/xubuntu.mandatory.path
  - NLSPATH=/usr/dt/lib/nls/msg/%L/%N.cat
  - OLDPWD=/home/himanshu-koshti
  - PATH=/usr/local/sbin:/usr/local/bin:/usr/sbin:/usr/bin:/sbin:/bin:/usr/games:/usr/local/games
  - PWD=/var/www/html/symfony-demo
  - SELINUX_INIT=YES
  - SESSION=xubuntu
  - SESSIONTYPE=
  - SESSION_MANAGER=local/BVAHDLAP074:@/tmp/.ICE-unix/2316,unix/BVAHDLAP074:/tmp/.ICE-unix/2316
  - SHELL=/bin/bash
  - SHLVL=1
  - SONAR_RUNNER_HOME=/opt/sonar-runner
  - SSH_AUTH_SOCK=/run/user/1001/keyring-lkjUhD/ssh
  - TERM=xterm
  - TEXTDOMAIN=im-config
  - TEXTDOMAINDIR=/usr/share/locale/
  - UPSTART_EVENTS=started xsession
  - UPSTART_INSTANCE=
  - UPSTART_JOB=startxfce4
  - UPSTART_SESSION=unix:abstract=/com/ubuntu/upstart-session/1001/2015
  - USER=himanshu-koshti
  - WINDOWID=62914564
  - XAUTHORITY=/home/himanshu-koshti/.Xauthority
  - XDG_CONFIG_DIRS=/etc/xdg/xdg-xubuntu:/usr/share/upstart/xdg:/etc/xdg:/etc/xdg
  - XDG_CURRENT_DESKTOP=XFCE
  - XDG_DATA_DIRS=/usr/share/xubuntu:/usr/share/xfce4:/usr/local/share/:/usr/share/:/usr/share
  - XDG_GREETER_DATA_DIR=/var/lib/lightdm-data/himanshu-koshti
  - XDG_MENU_PREFIX=xfce-
  - XDG_RUNTIME_DIR=/run/user/1001
  - XDG_SEAT=seat0
  - XDG_SEAT_PATH=/org/freedesktop/DisplayManager/Seat0
  - XDG_SESSION_ID=c2
  - XDG_SESSION_PATH=/org/freedesktop/DisplayManager/Session0
  - XDG_VTNR=7
  - XFILESEARCHPATH=/usr/dt/app-defaults/%L/Dt
  - _=/opt/sonar-runner/bin/sonar-runner
System properties:
  - ROOT_LOGGER_LEVEL=DEBUG
  - awt.toolkit=sun.awt.X11.XToolkit
  - file.encoding=UTF-8
  - file.encoding.pkg=sun.io
  - file.separator=/
  - java.awt.graphicsenv=sun.awt.X11GraphicsEnvironment
  - java.awt.printerjob=sun.print.PSPrinterJob
  - java.class.path=/opt/sonar-runner/lib/sonar-runner-dist-2.4.jar
  - java.class.version=52.0
  - java.endorsed.dirs=/usr/lib/jvm/java-8-oracle/jre/lib/endorsed
  - java.ext.dirs=/usr/lib/jvm/java-8-oracle/jre/lib/ext:/usr/java/packages/lib/ext
  - java.home=/usr/lib/jvm/java-8-oracle/jre
  - java.io.tmpdir=/tmp
  - java.library.path=/usr/java/packages/lib/amd64:/usr/lib64:/lib64:/lib:/usr/lib
  - java.runtime.name=Java(TM) SE Runtime Environment
  - java.runtime.version=1.8.0_121-b13
  - java.specification.name=Java Platform API Specification
  - java.specification.vendor=Oracle Corporation
  - java.specification.version=1.8
  - java.vendor=Oracle Corporation
  - java.vendor.url=http://java.oracle.com/
  - java.vendor.url.bug=http://bugreport.sun.com/bugreport/
  - java.version=1.8.0_121
  - java.vm.info=mixed mode
  - java.vm.name=Java HotSpot(TM) 64-Bit Server VM
  - java.vm.specification.name=Java Virtual Machine Specification
  - java.vm.specification.vendor=Oracle Corporation
  - java.vm.specification.version=1.8
  - java.vm.vendor=Oracle Corporation
  - java.vm.version=25.121-b13
  - line.separator=

  - os.arch=amd64
  - os.name=Linux
  - os.version=3.13.0-24-generic
  - path.separator=:
  - project.home=/var/www/html/symfony-demo
  - runner.home=/opt/sonar-runner
  - sun.arch.data.model=64
  - sun.boot.class.path=/usr/lib/jvm/java-8-oracle/jre/lib/resources.jar:/usr/lib/jvm/java-8-oracle/jre/lib/rt.jar:/usr/lib/jvm/java-8-oracle/jre/lib/sunrsasign.jar:/usr/lib/jvm/java-8-oracle/jre/lib/jsse.jar:/usr/lib/jvm/java-8-oracle/jre/lib/jce.jar:/usr/lib/jvm/java-8-oracle/jre/lib/charsets.jar:/usr/lib/jvm/java-8-oracle/jre/lib/jfr.jar:/usr/lib/jvm/java-8-oracle/jre/classes
  - sun.boot.library.path=/usr/lib/jvm/java-8-oracle/jre/lib/amd64
  - sun.cpu.endian=little
  - sun.cpu.isalist=
  - sun.io.unicode.encoding=UnicodeLittle
  - sun.java.command=org.sonar.runner.Main -X
  - sun.java.launcher=SUN_STANDARD
  - sun.jnu.encoding=UTF-8
  - sun.management.compiler=HotSpot 64-Bit Tiered Compilers
  - sun.os.patch.level=unknown
  - user.country=IN
  - user.dir=/var/www/html/symfony-demo
  - user.home=/home/himanshu-koshti
  - user.language=en
  - user.name=himanshu-koshti
  - user.timezone=Asia/Kolkata
SonarQube plugins:
  - C# 5.0 (csharp)
  - Java 3.13.1 (java)
  - Git 1.2 (scmgit)
  - PHP 2.9.2.1744 (php)
  - SVN 1.3 (scmsvn)
  - JavaScript 2.11 (javascript)
Global properties:
  - sonar.core.id=20170206165538
  - sonar.core.startTime=2017-02-06T16:55:38+0530
  - sonar.core.version=5.6.4
  - sonar.permission.template.default=default_template
  - sonar.qualitygate=1
Settings for module: my:project
  - sonar.host.url=http://localhost:9000
  - sonar.jdbc.password=******
  - sonar.jdbc.url=jdbc:mysql://localhost:3306/sonar?useUnicode=true&amp;characterEncoding=utf8
  - sonar.jdbc.username=sonar
  - sonar.login=******
  - sonar.password=******
  - sonar.projectBaseDir=/var/www/html/symfony-demo/.
  - sonar.projectKey=my:project
  - sonar.projectName=My project
  - sonar.projectVersion=1.0
  - sonar.sourceEncoding=UTF-8
  - sonar.sources=src/
  - sonar.verbose=true
  - sonar.working.directory=/var/www/html/symfony-demo/./.sonar
